<?xml version="1.0" encoding="UTF-8"?>
<coverage generated="1606137042804" clover="3.2.0">
  <project timestamp="1606137042804" name="All files">
    <metrics statements="167" coveredstatements="156" conditionals="25" coveredconditionals="16" methods="54" coveredmethods="46" elements="246" coveredelements="218" complexity="0" loc="167" ncloc="167" packages="7" files="12" classes="12"/>
    <package name="components.SearchInput">
      <metrics statements="13" coveredstatements="10" conditionals="7" coveredconditionals="4" methods="4" coveredmethods="2"/>
      <file name="index.tsx" path="/Users/williammendonca/Cursos/Bootcamp_Rocketseat/rocketseat-gostack-11/Desafio11-gorestaurant-mobile/src/components/SearchInput/index.tsx">
        <metrics statements="9" coveredstatements="6" conditionals="5" coveredconditionals="3" methods="3" coveredmethods="1"/>
        <line num="11" count="1" type="cond" truecount="0" falsecount="1"/>
        <line num="12" count="24" type="stmt"/>
        <line num="13" count="24" type="stmt"/>
        <line num="15" count="24" type="stmt"/>
        <line num="16" count="0" type="stmt"/>
        <line num="19" count="24" type="stmt"/>
        <line num="20" count="0" type="stmt"/>
        <line num="22" count="0" type="stmt"/>
        <line num="25" count="24" type="stmt"/>
      </file>
      <file name="styles.ts" path="/Users/williammendonca/Cursos/Bootcamp_Rocketseat/rocketseat-gostack-11/Desafio11-gorestaurant-mobile/src/components/SearchInput/styles.ts">
        <metrics statements="4" coveredstatements="4" conditionals="2" coveredconditionals="1" methods="1" coveredmethods="1"/>
        <line num="8" count="1" type="stmt"/>
        <line num="19" count="24" type="cond" truecount="1" falsecount="1"/>
        <line num="25" count="1" type="stmt"/>
        <line num="32" count="1" type="stmt"/>
      </file>
    </package>
    <package name="pages.Dashboard">
      <metrics statements="42" coveredstatements="41" conditionals="4" coveredconditionals="4" methods="14" coveredmethods="13"/>
      <file name="index.tsx" path="/Users/williammendonca/Cursos/Bootcamp_Rocketseat/rocketseat-gostack-11/Desafio11-gorestaurant-mobile/src/pages/Dashboard/index.tsx">
        <metrics statements="25" coveredstatements="24" conditionals="2" coveredconditionals="2" methods="13" coveredmethods="12"/>
        <line num="46" count="1" type="stmt"/>
        <line num="47" count="24" type="stmt"/>
        <line num="48" count="24" type="stmt"/>
        <line num="49" count="24" type="stmt"/>
        <line num="52" count="24" type="stmt"/>
        <line num="54" count="24" type="stmt"/>
        <line num="57" count="1" type="stmt"/>
        <line num="62" count="24" type="stmt"/>
        <line num="64" count="10" type="stmt"/>
        <line num="71" count="10" type="stmt"/>
        <line num="72" count="16" type="stmt"/>
        <line num="79" count="10" type="stmt"/>
        <line num="82" count="24" type="stmt"/>
        <line num="84" count="4" type="stmt"/>
        <line num="86" count="4" type="stmt"/>
        <line num="89" count="4" type="stmt"/>
        <line num="93" count="3" type="cond" truecount="2" falsecount="0"/>
        <line num="94" count="1" type="stmt"/>
        <line num="96" count="2" type="stmt"/>
        <line num="100" count="24" type="stmt"/>
        <line num="108" count="0" type="stmt"/>
        <line num="129" count="30" type="stmt"/>
        <line num="132" count="3" type="stmt"/>
        <line num="149" count="32" type="stmt"/>
        <line num="151" count="1" type="stmt"/>
      </file>
      <file name="styles.ts" path="/Users/williammendonca/Cursos/Bootcamp_Rocketseat/rocketseat-gostack-11/Desafio11-gorestaurant-mobile/src/pages/Dashboard/styles.ts">
        <metrics statements="17" coveredstatements="17" conditionals="2" coveredconditionals="2" methods="1" coveredmethods="1"/>
        <line num="7" count="1" type="stmt"/>
        <line num="12" count="1" type="stmt"/>
        <line num="21" count="1" type="stmt"/>
        <line num="26" count="1" type="stmt"/>
        <line num="36" count="1" type="stmt"/>
        <line num="40" count="1" type="stmt"/>
        <line num="44" count="1" type="stmt"/>
        <line num="58" count="30" type="cond" truecount="2" falsecount="0"/>
        <line num="65" count="1" type="stmt"/>
        <line num="74" count="1" type="stmt"/>
        <line num="78" count="1" type="stmt"/>
        <line num="83" count="1" type="stmt"/>
        <line num="92" count="1" type="stmt"/>
        <line num="100" count="1" type="stmt"/>
        <line num="105" count="1" type="stmt"/>
        <line num="113" count="1" type="stmt"/>
        <line num="123" count="1" type="stmt"/>
      </file>
    </package>
    <package name="pages.Favorites">
      <metrics statements="21" coveredstatements="21" conditionals="0" coveredconditionals="0" methods="6" coveredmethods="6"/>
      <file name="index.tsx" path="/Users/williammendonca/Cursos/Bootcamp_Rocketseat/rocketseat-gostack-11/Desafio11-gorestaurant-mobile/src/pages/Favorites/index.tsx">
        <metrics statements="10" coveredstatements="10" conditionals="0" coveredconditionals="0" methods="6" coveredmethods="6"/>
        <line num="30" count="1" type="stmt"/>
        <line num="31" count="2" type="stmt"/>
        <line num="33" count="2" type="stmt"/>
        <line num="35" count="1" type="stmt"/>
        <line num="37" count="1" type="stmt"/>
        <line num="38" count="2" type="stmt"/>
        <line num="45" count="1" type="stmt"/>
        <line num="48" count="2" type="stmt"/>
        <line num="57" count="5" type="stmt"/>
        <line num="59" count="2" type="stmt"/>
      </file>
      <file name="styles.ts" path="/Users/williammendonca/Cursos/Bootcamp_Rocketseat/rocketseat-gostack-11/Desafio11-gorestaurant-mobile/src/pages/Favorites/styles.ts">
        <metrics statements="11" coveredstatements="11" conditionals="0" coveredconditionals="0" methods="0" coveredmethods="0"/>
        <line num="13" count="1" type="stmt"/>
        <line num="18" count="1" type="stmt"/>
        <line num="26" count="1" type="stmt"/>
        <line num="35" count="1" type="stmt"/>
        <line num="40" count="1" type="stmt"/>
        <line num="47" count="1" type="stmt"/>
        <line num="58" count="1" type="stmt"/>
        <line num="67" count="1" type="stmt"/>
        <line num="72" count="1" type="stmt"/>
        <line num="81" count="1" type="stmt"/>
        <line num="93" count="1" type="stmt"/>
      </file>
    </package>
    <package name="pages.FoodDetails">
      <metrics statements="67" coveredstatements="60" conditionals="14" coveredconditionals="8" methods="23" coveredmethods="18"/>
      <file name="index.tsx" path="/Users/williammendonca/Cursos/Bootcamp_Rocketseat/rocketseat-gostack-11/Desafio11-gorestaurant-mobile/src/pages/FoodDetails/index.tsx">
        <metrics statements="45" coveredstatements="38" conditionals="14" coveredconditionals="8" methods="23" coveredmethods="18"/>
        <line num="63" count="1" type="stmt"/>
        <line num="64" count="30" type="stmt"/>
        <line num="65" count="30" type="stmt"/>
        <line num="66" count="30" type="stmt"/>
        <line num="67" count="30" type="stmt"/>
        <line num="69" count="30" type="stmt"/>
        <line num="70" count="30" type="stmt"/>
        <line num="72" count="30" type="stmt"/>
        <line num="74" count="30" type="stmt"/>
        <line num="76" count="6" type="stmt"/>
        <line num="78" count="6" type="stmt"/>
        <line num="83" count="6" type="stmt"/>
        <line num="84" count="11" type="stmt"/>
        <line num="91" count="6" type="stmt"/>
        <line num="95" count="4" type="stmt"/>
        <line num="97" count="6" type="cond" truecount="2" falsecount="0"/>
        <line num="103" count="1" type="stmt"/>
        <line num="105" count="1" type="cond" truecount="1" falsecount="1"/>
        <line num="106" count="1" type="cond" truecount="1" falsecount="1"/>
        <line num="108" count="1" type="stmt"/>
        <line num="110" count="1" type="cond" truecount="1" falsecount="1"/>
        <line num="116" count="4" type="stmt"/>
        <line num="120" count="4" type="cond" truecount="2" falsecount="0"/>
        <line num="122" count="3" type="stmt"/>
        <line num="125" count="30" type="stmt"/>
        <line num="126" count="0" type="cond" truecount="0" falsecount="2"/>
        <line num="127" count="0" type="stmt"/>
        <line num="129" count="0" type="stmt"/>
        <line num="132" count="0" type="stmt"/>
        <line num="135" count="30" type="stmt"/>
        <line num="136" count="30" type="stmt"/>
        <line num="137" count="32" type="stmt"/>
        <line num="140" count="30" type="stmt"/>
        <line num="142" count="30" type="stmt"/>
        <line num="150" count="30" type="stmt"/>
        <line num="151" count="6" type="cond" truecount="1" falsecount="1"/>
        <line num="155" count="30" type="stmt"/>
        <line num="157" count="30" type="stmt"/>
        <line num="159" count="0" type="stmt"/>
        <line num="163" count="0" type="stmt"/>
        <line num="169" count="30" type="stmt"/>
        <line num="194" count="32" type="stmt"/>
        <line num="201" count="1" type="stmt"/>
        <line num="211" count="4" type="stmt"/>
        <line num="243" count="0" type="stmt"/>
      </file>
      <file name="styles.ts" path="/Users/williammendonca/Cursos/Bootcamp_Rocketseat/rocketseat-gostack-11/Desafio11-gorestaurant-mobile/src/pages/FoodDetails/styles.ts">
        <metrics statements="22" coveredstatements="22" conditionals="0" coveredconditionals="0" methods="0" coveredmethods="0"/>
        <line num="3" count="1" type="stmt"/>
        <line num="8" count="1" type="stmt"/>
        <line num="17" count="1" type="stmt"/>
        <line num="25" count="1" type="stmt"/>
        <line num="29" count="1" type="stmt"/>
        <line num="37" count="1" type="stmt"/>
        <line num="44" count="1" type="stmt"/>
        <line num="48" count="1" type="stmt"/>
        <line num="56" count="1" type="stmt"/>
        <line num="66" count="1" type="stmt"/>
        <line num="77" count="1" type="stmt"/>
        <line num="86" count="1" type="stmt"/>
        <line num="91" count="1" type="stmt"/>
        <line num="101" count="1" type="stmt"/>
        <line num="110" count="1" type="stmt"/>
        <line num="117" count="1" type="stmt"/>
        <line num="122" count="1" type="stmt"/>
        <line num="129" count="1" type="stmt"/>
        <line num="139" count="1" type="stmt"/>
        <line num="151" count="1" type="stmt"/>
        <line num="159" count="1" type="stmt"/>
        <line num="168" count="1" type="stmt"/>
      </file>
    </package>
    <package name="pages.Orders">
      <metrics statements="21" coveredstatements="21" conditionals="0" coveredconditionals="0" methods="6" coveredmethods="6"/>
      <file name="index.tsx" path="/Users/williammendonca/Cursos/Bootcamp_Rocketseat/rocketseat-gostack-11/Desafio11-gorestaurant-mobile/src/pages/Orders/index.tsx">
        <metrics statements="10" coveredstatements="10" conditionals="0" coveredconditionals="0" methods="6" coveredmethods="6"/>
        <line num="30" count="1" type="stmt"/>
        <line num="31" count="2" type="stmt"/>
        <line num="33" count="2" type="stmt"/>
        <line num="35" count="1" type="stmt"/>
        <line num="37" count="1" type="stmt"/>
        <line num="38" count="2" type="stmt"/>
        <line num="45" count="1" type="stmt"/>
        <line num="48" count="2" type="stmt"/>
        <line num="57" count="5" type="stmt"/>
        <line num="59" count="2" type="stmt"/>
      </file>
      <file name="styles.ts" path="/Users/williammendonca/Cursos/Bootcamp_Rocketseat/rocketseat-gostack-11/Desafio11-gorestaurant-mobile/src/pages/Orders/styles.ts">
        <metrics statements="11" coveredstatements="11" conditionals="0" coveredconditionals="0" methods="0" coveredmethods="0"/>
        <line num="13" count="1" type="stmt"/>
        <line num="18" count="1" type="stmt"/>
        <line num="26" count="1" type="stmt"/>
        <line num="35" count="1" type="stmt"/>
        <line num="40" count="1" type="stmt"/>
        <line num="47" count="1" type="stmt"/>
        <line num="58" count="1" type="stmt"/>
        <line num="67" count="1" type="stmt"/>
        <line num="72" count="1" type="stmt"/>
        <line num="81" count="1" type="stmt"/>
        <line num="93" count="1" type="stmt"/>
      </file>
    </package>
    <package name="services">
      <metrics statements="1" coveredstatements="1" conditionals="0" coveredconditionals="0" methods="0" coveredmethods="0"/>
      <file name="api.ts" path="/Users/williammendonca/Cursos/Bootcamp_Rocketseat/rocketseat-gostack-11/Desafio11-gorestaurant-mobile/src/services/api.ts">
        <metrics statements="1" coveredstatements="1" conditionals="0" coveredconditionals="0" methods="0" coveredmethods="0"/>
        <line num="3" count="4" type="stmt"/>
      </file>
    </package>
    <package name="utils">
      <metrics statements="2" coveredstatements="2" conditionals="0" coveredconditionals="0" methods="1" coveredmethods="1"/>
      <file name="formatValue.ts" path="/Users/williammendonca/Cursos/Bootcamp_Rocketseat/rocketseat-gostack-11/Desafio11-gorestaurant-mobile/src/utils/formatValue.ts">
        <metrics statements="2" coveredstatements="2" conditionals="0" coveredconditionals="0" methods="1" coveredmethods="1"/>
        <line num="1" count="3" type="stmt"/>
        <line num="2" count="20" type="stmt"/>
      </file>
    </package>
  </project>
</coverage>
