{"/Users/williammendonca/Cursos/Bootcamp_Rocketseat/rocketseat-gostack-11/Desafio11-gorestaurant-mobile/src/components/SearchInput/index.tsx": {"path":"/Users/williammendonca/Cursos/Bootcamp_Rocketseat/rocketseat-gostack-11/Desafio11-gorestaurant-mobile/src/components/SearchInput/index.tsx","statementMap":{"0":{"start":{"line":11,"column":42},"end":{"line":43,"column":1}},"1":{"start":{"line":12,"column":36},"end":{"line":12,"column":51}},"2":{"start":{"line":13,"column":34},"end":{"line":13,"column":49}},"3":{"start":{"line":15,"column":27},"end":{"line":17,"column":8}},"4":{"start":{"line":16,"column":4},"end":{"line":16,"column":23}},"5":{"start":{"line":19,"column":26},"end":{"line":23,"column":13}},"6":{"start":{"line":20,"column":4},"end":{"line":20,"column":24}},"7":{"start":{"line":22,"column":4},"end":{"line":22,"column":25}},"8":{"start":{"line":25,"column":2},"end":{"line":42,"column":4}}},"fnMap":{"0":{"name":"(anonymous_0)","decl":{"start":{"line":11,"column":42},"end":{"line":11,"column":43}},"loc":{"start":{"line":11,"column":71},"end":{"line":43,"column":1}},"line":11},"1":{"name":"(anonymous_1)","decl":{"start":{"line":15,"column":39},"end":{"line":15,"column":40}},"loc":{"start":{"line":15,"column":45},"end":{"line":17,"column":3}},"line":15},"2":{"name":"(anonymous_2)","decl":{"start":{"line":19,"column":38},"end":{"line":19,"column":39}},"loc":{"start":{"line":19,"column":44},"end":{"line":23,"column":3}},"line":19}},"branchMap":{"0":{"loc":{"start":{"line":11,"column":45},"end":{"line":11,"column":55}},"type":"default-arg","locations":[{"start":{"line":11,"column":53},"end":{"line":11,"column":55}}],"line":11},"1":{"loc":{"start":{"line":30,"column":15},"end":{"line":30,"column":60}},"type":"cond-expr","locations":[{"start":{"line":30,"column":39},"end":{"line":30,"column":48}},{"start":{"line":30,"column":51},"end":{"line":30,"column":60}}],"line":30},"2":{"loc":{"start":{"line":30,"column":15},"end":{"line":30,"column":36}},"type":"binary-expr","locations":[{"start":{"line":30,"column":15},"end":{"line":30,"column":24}},{"start":{"line":30,"column":28},"end":{"line":30,"column":36}}],"line":30}},"s":{"0":1,"1":24,"2":24,"3":24,"4":0,"5":24,"6":0,"7":0,"8":24},"f":{"0":24,"1":0,"2":0},"b":{"0":[0],"1":[0,24],"2":[24,24]},"_coverageSchema":"1a1c01bbd47fc00a2c39e90264f33305004495a9","hash":"8f9be656ac9b01f42487594a68d5d0fc27edb77e"}
,"/Users/williammendonca/Cursos/Bootcamp_Rocketseat/rocketseat-gostack-11/Desafio11-gorestaurant-mobile/src/components/SearchInput/styles.ts": {"path":"/Users/williammendonca/Cursos/Bootcamp_Rocketseat/rocketseat-gostack-11/Desafio11-gorestaurant-mobile/src/components/SearchInput/styles.ts","statementMap":{"0":{"start":{"line":8,"column":25},"end":{"line":23,"column":1}},"1":{"start":{"line":19,"column":4},"end":{"line":22,"column":5}},"2":{"start":{"line":25,"column":25},"end":{"line":30,"column":1}},"3":{"start":{"line":32,"column":20},"end":{"line":34,"column":1}}},"fnMap":{"0":{"name":"(anonymous_0)","decl":{"start":{"line":18,"column":4},"end":{"line":18,"column":5}},"loc":{"start":{"line":19,"column":4},"end":{"line":22,"column":5}},"line":19}},"branchMap":{"0":{"loc":{"start":{"line":19,"column":4},"end":{"line":22,"column":5}},"type":"binary-expr","locations":[{"start":{"line":19,"column":4},"end":{"line":19,"column":19}},{"start":{"line":20,"column":4},"end":{"line":22,"column":5}}],"line":19}},"s":{"0":1,"1":24,"2":1,"3":1},"f":{"0":24},"b":{"0":[24,0]},"_coverageSchema":"1a1c01bbd47fc00a2c39e90264f33305004495a9","hash":"6680bb973a2053fe85d56e425a9a27a7098fc1e8"}
,"/Users/williammendonca/Cursos/Bootcamp_Rocketseat/rocketseat-gostack-11/Desafio11-gorestaurant-mobile/src/pages/Dashboard/index.tsx": {"path":"/Users/williammendonca/Cursos/Bootcamp_Rocketseat/rocketseat-gostack-11/Desafio11-gorestaurant-mobile/src/pages/Dashboard/index.tsx","statementMap":{"0":{"start":{"line":46,"column":28},"end":{"line":173,"column":1}},"1":{"start":{"line":47,"column":28},"end":{"line":47,"column":48}},"2":{"start":{"line":48,"column":38},"end":{"line":48,"column":62}},"3":{"start":{"line":49,"column":50},"end":{"line":51,"column":5}},"4":{"start":{"line":52,"column":40},"end":{"line":52,"column":52}},"5":{"start":{"line":54,"column":21},"end":{"line":54,"column":36}},"6":{"start":{"line":57,"column":4},"end":{"line":59,"column":7}},"7":{"start":{"line":62,"column":2},"end":{"line":80,"column":38}},"8":{"start":{"line":64,"column":23},"end":{"line":69,"column":8}},"9":{"start":{"line":71,"column":6},"end":{"line":76,"column":8}},"10":{"start":{"line":72,"column":43},"end":{"line":75,"column":9}},"11":{"start":{"line":79,"column":4},"end":{"line":79,"column":16}},"12":{"start":{"line":82,"column":2},"end":{"line":90,"column":9}},"13":{"start":{"line":84,"column":23},"end":{"line":84,"column":51}},"14":{"start":{"line":86,"column":6},"end":{"line":86,"column":35}},"15":{"start":{"line":89,"column":4},"end":{"line":89,"column":21}},"16":{"start":{"line":93,"column":4},"end":{"line":97,"column":5}},"17":{"start":{"line":94,"column":6},"end":{"line":94,"column":37}},"18":{"start":{"line":96,"column":6},"end":{"line":96,"column":30}},"19":{"start":{"line":100,"column":2},"end":{"line":172,"column":4}},"20":{"start":{"line":108,"column":25},"end":{"line":108,"column":52}},"21":{"start":{"line":129,"column":14},"end":{"line":141,"column":29}},"22":{"start":{"line":132,"column":31},"end":{"line":132,"column":64}},"23":{"start":{"line":149,"column":14},"end":{"line":166,"column":21}},"24":{"start":{"line":151,"column":31},"end":{"line":151,"column":54}}},"fnMap":{"0":{"name":"(anonymous_0)","decl":{"start":{"line":46,"column":28},"end":{"line":46,"column":29}},"loc":{"start":{"line":46,"column":34},"end":{"line":173,"column":1}},"line":46},"1":{"name":"handleNavigate","decl":{"start":{"line":56,"column":17},"end":{"line":56,"column":31}},"loc":{"start":{"line":56,"column":59},"end":{"line":60,"column":3}},"line":56},"2":{"name":"(anonymous_2)","decl":{"start":{"line":62,"column":12},"end":{"line":62,"column":13}},"loc":{"start":{"line":62,"column":18},"end":{"line":80,"column":3}},"line":62},"3":{"name":"loadFoods","decl":{"start":{"line":63,"column":19},"end":{"line":63,"column":28}},"loc":{"start":{"line":63,"column":46},"end":{"line":77,"column":5}},"line":63},"4":{"name":"(anonymous_4)","decl":{"start":{"line":72,"column":26},"end":{"line":72,"column":27}},"loc":{"start":{"line":72,"column":43},"end":{"line":75,"column":9}},"line":72},"5":{"name":"(anonymous_5)","decl":{"start":{"line":82,"column":12},"end":{"line":82,"column":13}},"loc":{"start":{"line":82,"column":18},"end":{"line":90,"column":3}},"line":82},"6":{"name":"loadCategories","decl":{"start":{"line":83,"column":19},"end":{"line":83,"column":33}},"loc":{"start":{"line":83,"column":51},"end":{"line":87,"column":5}},"line":83},"7":{"name":"handleSelectCategory","decl":{"start":{"line":92,"column":11},"end":{"line":92,"column":31}},"loc":{"start":{"line":92,"column":50},"end":{"line":98,"column":3}},"line":92},"8":{"name":"(anonymous_8)","decl":{"start":{"line":108,"column":19},"end":{"line":108,"column":20}},"loc":{"start":{"line":108,"column":25},"end":{"line":108,"column":52}},"line":108},"9":{"name":"(anonymous_9)","decl":{"start":{"line":128,"column":28},"end":{"line":128,"column":29}},"loc":{"start":{"line":129,"column":14},"end":{"line":141,"column":29}},"line":129},"10":{"name":"(anonymous_10)","decl":{"start":{"line":132,"column":25},"end":{"line":132,"column":26}},"loc":{"start":{"line":132,"column":31},"end":{"line":132,"column":64}},"line":132},"11":{"name":"(anonymous_11)","decl":{"start":{"line":148,"column":23},"end":{"line":148,"column":24}},"loc":{"start":{"line":149,"column":14},"end":{"line":166,"column":21}},"line":149},"12":{"name":"(anonymous_12)","decl":{"start":{"line":151,"column":25},"end":{"line":151,"column":26}},"loc":{"start":{"line":151,"column":31},"end":{"line":151,"column":54}},"line":151}},"branchMap":{"0":{"loc":{"start":{"line":93,"column":4},"end":{"line":97,"column":5}},"type":"if","locations":[{"start":{"line":93,"column":4},"end":{"line":97,"column":5}},{"start":{"line":93,"column":4},"end":{"line":97,"column":5}}],"line":93}},"s":{"0":1,"1":24,"2":24,"3":24,"4":24,"5":24,"6":1,"7":24,"8":10,"9":10,"10":16,"11":10,"12":24,"13":4,"14":4,"15":4,"16":3,"17":1,"18":2,"19":24,"20":0,"21":30,"22":3,"23":32,"24":1},"f":{"0":24,"1":1,"2":10,"3":10,"4":16,"5":4,"6":4,"7":3,"8":0,"9":30,"10":3,"11":32,"12":1},"b":{"0":[1,2]},"_coverageSchema":"1a1c01bbd47fc00a2c39e90264f33305004495a9","hash":"6bf13ddddefeda475918df7e62d61c58637dfc30"}
,"/Users/williammendonca/Cursos/Bootcamp_Rocketseat/rocketseat-gostack-11/Desafio11-gorestaurant-mobile/src/pages/Dashboard/styles.ts": {"path":"/Users/williammendonca/Cursos/Bootcamp_Rocketseat/rocketseat-gostack-11/Desafio11-gorestaurant-mobile/src/pages/Dashboard/styles.ts","statementMap":{"0":{"start":{"line":7,"column":25},"end":{"line":10,"column":1}},"1":{"start":{"line":12,"column":22},"end":{"line":19,"column":1}},"2":{"start":{"line":21,"column":31},"end":{"line":24,"column":1}},"3":{"start":{"line":26,"column":21},"end":{"line":34,"column":1}},"4":{"start":{"line":36,"column":33},"end":{"line":38,"column":1}},"5":{"start":{"line":40,"column":30},"end":{"line":42,"column":1}},"6":{"start":{"line":44,"column":28},"end":{"line":63,"column":1}},"7":{"start":{"line":58,"column":4},"end":{"line":62,"column":5}},"8":{"start":{"line":65,"column":33},"end":{"line":72,"column":1}},"9":{"start":{"line":74,"column":30},"end":{"line":76,"column":1}},"10":{"start":{"line":78,"column":24},"end":{"line":81,"column":1}},"11":{"start":{"line":83,"column":20},"end":{"line":90,"column":1}},"12":{"start":{"line":92,"column":34},"end":{"line":98,"column":1}},"13":{"start":{"line":100,"column":27},"end":{"line":103,"column":1}},"14":{"start":{"line":105,"column":25},"end":{"line":112,"column":1}},"15":{"start":{"line":113,"column":31},"end":{"line":121,"column":1}},"16":{"start":{"line":123,"column":27},"end":{"line":132,"column":1}}},"fnMap":{"0":{"name":"(anonymous_0)","decl":{"start":{"line":57,"column":4},"end":{"line":57,"column":5}},"loc":{"start":{"line":58,"column":4},"end":{"line":62,"column":5}},"line":58}},"branchMap":{"0":{"loc":{"start":{"line":58,"column":4},"end":{"line":62,"column":5}},"type":"binary-expr","locations":[{"start":{"line":58,"column":4},"end":{"line":58,"column":20}},{"start":{"line":59,"column":4},"end":{"line":62,"column":5}}],"line":58}},"s":{"0":1,"1":1,"2":1,"3":1,"4":1,"5":1,"6":1,"7":30,"8":1,"9":1,"10":1,"11":1,"12":1,"13":1,"14":1,"15":1,"16":1},"f":{"0":30},"b":{"0":[30,4]},"_coverageSchema":"1a1c01bbd47fc00a2c39e90264f33305004495a9","hash":"bf9468ab931200d607ab88b52c9db359985abb24"}
,"/Users/williammendonca/Cursos/Bootcamp_Rocketseat/rocketseat-gostack-11/Desafio11-gorestaurant-mobile/src/pages/Favorites/index.tsx": {"path":"/Users/williammendonca/Cursos/Bootcamp_Rocketseat/rocketseat-gostack-11/Desafio11-gorestaurant-mobile/src/pages/Favorites/index.tsx","statementMap":{"0":{"start":{"line":30,"column":28},"end":{"line":77,"column":1}},"1":{"start":{"line":31,"column":36},"end":{"line":31,"column":56}},"2":{"start":{"line":33,"column":2},"end":{"line":46,"column":9}},"3":{"start":{"line":35,"column":23},"end":{"line":35,"column":50}},"4":{"start":{"line":37,"column":6},"end":{"line":42,"column":8}},"5":{"start":{"line":38,"column":47},"end":{"line":41,"column":9}},"6":{"start":{"line":45,"column":4},"end":{"line":45,"column":20}},"7":{"start":{"line":48,"column":2},"end":{"line":76,"column":4}},"8":{"start":{"line":57,"column":32},"end":{"line":57,"column":47}},"9":{"start":{"line":59,"column":12},"end":{"line":71,"column":19}}},"fnMap":{"0":{"name":"(anonymous_0)","decl":{"start":{"line":30,"column":28},"end":{"line":30,"column":29}},"loc":{"start":{"line":30,"column":34},"end":{"line":77,"column":1}},"line":30},"1":{"name":"(anonymous_1)","decl":{"start":{"line":33,"column":12},"end":{"line":33,"column":13}},"loc":{"start":{"line":33,"column":18},"end":{"line":46,"column":3}},"line":33},"2":{"name":"loadFavorites","decl":{"start":{"line":34,"column":19},"end":{"line":34,"column":32}},"loc":{"start":{"line":34,"column":50},"end":{"line":43,"column":5}},"line":34},"3":{"name":"(anonymous_3)","decl":{"start":{"line":38,"column":26},"end":{"line":38,"column":27}},"loc":{"start":{"line":38,"column":47},"end":{"line":41,"column":9}},"line":38},"4":{"name":"(anonymous_4)","decl":{"start":{"line":57,"column":24},"end":{"line":57,"column":25}},"loc":{"start":{"line":57,"column":32},"end":{"line":57,"column":47}},"line":57},"5":{"name":"(anonymous_5)","decl":{"start":{"line":58,"column":22},"end":{"line":58,"column":23}},"loc":{"start":{"line":59,"column":12},"end":{"line":71,"column":19}},"line":59}},"branchMap":{},"s":{"0":1,"1":2,"2":2,"3":1,"4":1,"5":2,"6":1,"7":2,"8":5,"9":2},"f":{"0":2,"1":1,"2":1,"3":2,"4":5,"5":2},"b":{},"_coverageSchema":"1a1c01bbd47fc00a2c39e90264f33305004495a9","hash":"4007f8b4630d0cac3931ed881832bd8e26affa0c"}
,"/Users/williammendonca/Cursos/Bootcamp_Rocketseat/rocketseat-gostack-11/Desafio11-gorestaurant-mobile/src/pages/Favorites/styles.ts": {"path":"/Users/williammendonca/Cursos/Bootcamp_Rocketseat/rocketseat-gostack-11/Desafio11-gorestaurant-mobile/src/pages/Favorites/styles.ts","statementMap":{"0":{"start":{"line":13,"column":25},"end":{"line":16,"column":1}},"1":{"start":{"line":18,"column":22},"end":{"line":24,"column":1}},"2":{"start":{"line":26,"column":27},"end":{"line":33,"column":1}},"3":{"start":{"line":35,"column":30},"end":{"line":38,"column":1}},"4":{"start":{"line":40,"column":24},"end":{"line":45,"column":1}},"5":{"start":{"line":47,"column":20},"end":{"line":56,"column":1}},"6":{"start":{"line":58,"column":34},"end":{"line":65,"column":1}},"7":{"start":{"line":67,"column":27},"end":{"line":71,"column":1}},"8":{"start":{"line":72,"column":25},"end":{"line":80,"column":1}},"9":{"start":{"line":81,"column":31},"end":{"line":91,"column":1}},"10":{"start":{"line":93,"column":27},"end":{"line":105,"column":1}}},"fnMap":{},"branchMap":{},"s":{"0":1,"1":1,"2":1,"3":1,"4":1,"5":1,"6":1,"7":1,"8":1,"9":1,"10":1},"f":{},"b":{},"_coverageSchema":"1a1c01bbd47fc00a2c39e90264f33305004495a9","hash":"6d365768c20b41a4910383f1c04657ea20146b3e"}
,"/Users/williammendonca/Cursos/Bootcamp_Rocketseat/rocketseat-gostack-11/Desafio11-gorestaurant-mobile/src/pages/FoodDetails/index.tsx": {"path":"/Users/williammendonca/Cursos/Bootcamp_Rocketseat/rocketseat-gostack-11/Desafio11-gorestaurant-mobile/src/pages/FoodDetails/index.tsx","statementMap":{"0":{"start":{"line":63,"column":30},"end":{"line":253,"column":1}},"1":{"start":{"line":64,"column":26},"end":{"line":64,"column":46}},"2":{"start":{"line":65,"column":30},"end":{"line":65,"column":51}},"3":{"start":{"line":66,"column":38},"end":{"line":66,"column":53}},"4":{"start":{"line":67,"column":42},"end":{"line":67,"column":53}},"5":{"start":{"line":69,"column":21},"end":{"line":69,"column":36}},"6":{"start":{"line":70,"column":16},"end":{"line":70,"column":26}},"7":{"start":{"line":72,"column":22},"end":{"line":72,"column":44}},"8":{"start":{"line":74,"column":2},"end":{"line":92,"column":20}},"9":{"start":{"line":76,"column":23},"end":{"line":76,"column":64}},"10":{"start":{"line":78,"column":6},"end":{"line":81,"column":9}},"11":{"start":{"line":83,"column":6},"end":{"line":88,"column":8}},"12":{"start":{"line":84,"column":70},"end":{"line":87,"column":9}},"13":{"start":{"line":91,"column":4},"end":{"line":91,"column":15}},"14":{"start":{"line":95,"column":4},"end":{"line":99,"column":6}},"15":{"start":{"line":97,"column":8},"end":{"line":97,"column":76}},"16":{"start":{"line":103,"column":22},"end":{"line":103,"column":59}},"17":{"start":{"line":103,"column":43},"end":{"line":103,"column":58}},"18":{"start":{"line":105,"column":4},"end":{"line":105,"column":27}},"19":{"start":{"line":105,"column":20},"end":{"line":105,"column":27}},"20":{"start":{"line":106,"column":4},"end":{"line":106,"column":41}},"21":{"start":{"line":106,"column":34},"end":{"line":106,"column":41}},"22":{"start":{"line":108,"column":4},"end":{"line":112,"column":6}},"23":{"start":{"line":110,"column":8},"end":{"line":110,"column":76}},"24":{"start":{"line":116,"column":4},"end":{"line":116,"column":38}},"25":{"start":{"line":120,"column":4},"end":{"line":120,"column":35}},"26":{"start":{"line":120,"column":28},"end":{"line":120,"column":35}},"27":{"start":{"line":122,"column":4},"end":{"line":122,"column":38}},"28":{"start":{"line":125,"column":25},"end":{"line":133,"column":24}},"29":{"start":{"line":126,"column":4},"end":{"line":130,"column":5}},"30":{"start":{"line":127,"column":6},"end":{"line":127,"column":42}},"31":{"start":{"line":129,"column":6},"end":{"line":129,"column":34}},"32":{"start":{"line":132,"column":4},"end":{"line":132,"column":31}},"33":{"start":{"line":135,"column":20},"end":{"line":143,"column":34}},"34":{"start":{"line":136,"column":23},"end":{"line":138,"column":9}},"35":{"start":{"line":137,"column":6},"end":{"line":137,"column":56}},"36":{"start":{"line":140,"column":22},"end":{"line":140,"column":32}},"37":{"start":{"line":142,"column":4},"end":{"line":142,"column":64}},"38":{"start":{"line":150,"column":27},"end":{"line":153,"column":3}},"39":{"start":{"line":151,"column":11},"end":{"line":151,"column":54}},"40":{"start":{"line":155,"column":2},"end":{"line":167,"column":53}},"41":{"start":{"line":157,"column":4},"end":{"line":166,"column":7}},"42":{"start":{"line":159,"column":8},"end":{"line":164,"column":10}},"43":{"start":{"line":163,"column":25},"end":{"line":163,"column":41}},"44":{"start":{"line":169,"column":2},"end":{"line":252,"column":4}},"45":{"start":{"line":194,"column":12},"end":{"line":215,"column":29}},"46":{"start":{"line":201,"column":33},"end":{"line":201,"column":63}},"47":{"start":{"line":211,"column":33},"end":{"line":211,"column":63}},"48":{"start":{"line":243,"column":44},"end":{"line":243,"column":63}}},"fnMap":{"0":{"name":"(anonymous_0)","decl":{"start":{"line":63,"column":30},"end":{"line":63,"column":31}},"loc":{"start":{"line":63,"column":36},"end":{"line":253,"column":1}},"line":63},"1":{"name":"(anonymous_1)","decl":{"start":{"line":74,"column":12},"end":{"line":74,"column":13}},"loc":{"start":{"line":74,"column":18},"end":{"line":92,"column":3}},"line":74},"2":{"name":"loadFood","decl":{"start":{"line":75,"column":19},"end":{"line":75,"column":27}},"loc":{"start":{"line":75,"column":45},"end":{"line":89,"column":5}},"line":75},"3":{"name":"(anonymous_3)","decl":{"start":{"line":84,"column":33},"end":{"line":84,"column":34}},"loc":{"start":{"line":84,"column":70},"end":{"line":87,"column":9}},"line":84},"4":{"name":"handleIncrementExtra","decl":{"start":{"line":94,"column":11},"end":{"line":94,"column":31}},"loc":{"start":{"line":94,"column":50},"end":{"line":100,"column":3}},"line":94},"5":{"name":"(anonymous_5)","decl":{"start":{"line":96,"column":17},"end":{"line":96,"column":18}},"loc":{"start":{"line":97,"column":8},"end":{"line":97,"column":76}},"line":97},"6":{"name":"handleDecrementExtra","decl":{"start":{"line":102,"column":11},"end":{"line":102,"column":31}},"loc":{"start":{"line":102,"column":50},"end":{"line":113,"column":3}},"line":102},"7":{"name":"(anonymous_7)","decl":{"start":{"line":103,"column":34},"end":{"line":103,"column":35}},"loc":{"start":{"line":103,"column":43},"end":{"line":103,"column":58}},"line":103},"8":{"name":"(anonymous_8)","decl":{"start":{"line":109,"column":17},"end":{"line":109,"column":18}},"loc":{"start":{"line":110,"column":8},"end":{"line":110,"column":76}},"line":110},"9":{"name":"handleIncrementFood","decl":{"start":{"line":115,"column":11},"end":{"line":115,"column":30}},"loc":{"start":{"line":115,"column":39},"end":{"line":117,"column":3}},"line":115},"10":{"name":"handleDecrementFood","decl":{"start":{"line":119,"column":11},"end":{"line":119,"column":30}},"loc":{"start":{"line":119,"column":39},"end":{"line":123,"column":3}},"line":119},"11":{"name":"(anonymous_11)","decl":{"start":{"line":125,"column":37},"end":{"line":125,"column":38}},"loc":{"start":{"line":125,"column":43},"end":{"line":133,"column":3}},"line":125},"12":{"name":"(anonymous_12)","decl":{"start":{"line":135,"column":28},"end":{"line":135,"column":29}},"loc":{"start":{"line":135,"column":34},"end":{"line":143,"column":3}},"line":135},"13":{"name":"(anonymous_13)","decl":{"start":{"line":136,"column":37},"end":{"line":136,"column":38}},"loc":{"start":{"line":136,"column":61},"end":{"line":138,"column":5}},"line":136},"14":{"name":"handleFinishOrder","decl":{"start":{"line":145,"column":17},"end":{"line":145,"column":34}},"loc":{"start":{"line":145,"column":52},"end":{"line":147,"column":3}},"line":145},"15":{"name":"(anonymous_15)","decl":{"start":{"line":151,"column":4},"end":{"line":151,"column":5}},"loc":{"start":{"line":151,"column":11},"end":{"line":151,"column":54}},"line":151},"16":{"name":"(anonymous_16)","decl":{"start":{"line":155,"column":18},"end":{"line":155,"column":19}},"loc":{"start":{"line":155,"column":24},"end":{"line":167,"column":3}},"line":155},"17":{"name":"(anonymous_17)","decl":{"start":{"line":158,"column":19},"end":{"line":158,"column":20}},"loc":{"start":{"line":159,"column":8},"end":{"line":164,"column":10}},"line":159},"18":{"name":"(anonymous_18)","decl":{"start":{"line":163,"column":19},"end":{"line":163,"column":20}},"loc":{"start":{"line":163,"column":25},"end":{"line":163,"column":41}},"line":163},"19":{"name":"(anonymous_19)","decl":{"start":{"line":193,"column":22},"end":{"line":193,"column":23}},"loc":{"start":{"line":194,"column":12},"end":{"line":215,"column":29}},"line":194},"20":{"name":"(anonymous_20)","decl":{"start":{"line":201,"column":27},"end":{"line":201,"column":28}},"loc":{"start":{"line":201,"column":33},"end":{"line":201,"column":63}},"line":201},"21":{"name":"(anonymous_21)","decl":{"start":{"line":211,"column":27},"end":{"line":211,"column":28}},"loc":{"start":{"line":211,"column":33},"end":{"line":211,"column":63}},"line":211},"22":{"name":"(anonymous_22)","decl":{"start":{"line":243,"column":38},"end":{"line":243,"column":39}},"loc":{"start":{"line":243,"column":44},"end":{"line":243,"column":63}},"line":243}},"branchMap":{"0":{"loc":{"start":{"line":97,"column":8},"end":{"line":97,"column":76}},"type":"cond-expr","locations":[{"start":{"line":97,"column":26},"end":{"line":97,"column":68}},{"start":{"line":97,"column":71},"end":{"line":97,"column":76}}],"line":97},"1":{"loc":{"start":{"line":105,"column":4},"end":{"line":105,"column":27}},"type":"if","locations":[{"start":{"line":105,"column":4},"end":{"line":105,"column":27}},{"start":{"line":105,"column":4},"end":{"line":105,"column":27}}],"line":105},"2":{"loc":{"start":{"line":106,"column":4},"end":{"line":106,"column":41}},"type":"if","locations":[{"start":{"line":106,"column":4},"end":{"line":106,"column":41}},{"start":{"line":106,"column":4},"end":{"line":106,"column":41}}],"line":106},"3":{"loc":{"start":{"line":110,"column":8},"end":{"line":110,"column":76}},"type":"cond-expr","locations":[{"start":{"line":110,"column":26},"end":{"line":110,"column":68}},{"start":{"line":110,"column":71},"end":{"line":110,"column":76}}],"line":110},"4":{"loc":{"start":{"line":120,"column":4},"end":{"line":120,"column":35}},"type":"if","locations":[{"start":{"line":120,"column":4},"end":{"line":120,"column":35}},{"start":{"line":120,"column":4},"end":{"line":120,"column":35}}],"line":120},"5":{"loc":{"start":{"line":126,"column":4},"end":{"line":130,"column":5}},"type":"if","locations":[{"start":{"line":126,"column":4},"end":{"line":130,"column":5}},{"start":{"line":126,"column":4},"end":{"line":130,"column":5}}],"line":126},"6":{"loc":{"start":{"line":151,"column":11},"end":{"line":151,"column":54}},"type":"cond-expr","locations":[{"start":{"line":151,"column":24},"end":{"line":151,"column":34}},{"start":{"line":151,"column":37},"end":{"line":151,"column":54}}],"line":151}},"s":{"0":1,"1":30,"2":30,"3":30,"4":30,"5":30,"6":30,"7":30,"8":30,"9":6,"10":6,"11":6,"12":11,"13":6,"14":4,"15":6,"16":1,"17":1,"18":1,"19":0,"20":1,"21":0,"22":1,"23":1,"24":4,"25":4,"26":1,"27":3,"28":30,"29":0,"30":0,"31":0,"32":0,"33":30,"34":30,"35":32,"36":30,"37":30,"38":30,"39":6,"40":30,"41":30,"42":0,"43":0,"44":30,"45":32,"46":1,"47":4,"48":0},"f":{"0":30,"1":6,"2":6,"3":11,"4":4,"5":6,"6":1,"7":1,"8":1,"9":4,"10":4,"11":0,"12":30,"13":32,"14":0,"15":6,"16":30,"17":0,"18":0,"19":32,"20":1,"21":4,"22":0},"b":{"0":[4,2],"1":[0,1],"2":[0,1],"3":[1,0],"4":[1,3],"5":[0,0],"6":[0,6]},"_coverageSchema":"1a1c01bbd47fc00a2c39e90264f33305004495a9","hash":"2acbe13b132e281773aa8fe1f46f112990922e3d"}
,"/Users/williammendonca/Cursos/Bootcamp_Rocketseat/rocketseat-gostack-11/Desafio11-gorestaurant-mobile/src/pages/FoodDetails/styles.ts": {"path":"/Users/williammendonca/Cursos/Bootcamp_Rocketseat/rocketseat-gostack-11/Desafio11-gorestaurant-mobile/src/pages/FoodDetails/styles.ts","statementMap":{"0":{"start":{"line":3,"column":25},"end":{"line":6,"column":1}},"1":{"start":{"line":8,"column":22},"end":{"line":15,"column":1}},"2":{"start":{"line":17,"column":31},"end":{"line":23,"column":1}},"3":{"start":{"line":25,"column":30},"end":{"line":27,"column":1}},"4":{"start":{"line":29,"column":20},"end":{"line":35,"column":1}},"5":{"start":{"line":37,"column":34},"end":{"line":42,"column":1}},"6":{"start":{"line":44,"column":27},"end":{"line":46,"column":1}},"7":{"start":{"line":48,"column":25},"end":{"line":54,"column":1}},"8":{"start":{"line":56,"column":31},"end":{"line":64,"column":1}},"9":{"start":{"line":66,"column":27},"end":{"line":75,"column":1}},"10":{"start":{"line":77,"column":21},"end":{"line":84,"column":1}},"11":{"start":{"line":86,"column":36},"end":{"line":89,"column":1}},"12":{"start":{"line":91,"column":30},"end":{"line":99,"column":1}},"13":{"start":{"line":101,"column":34},"end":{"line":108,"column":1}},"14":{"start":{"line":110,"column":34},"end":{"line":115,"column":1}},"15":{"start":{"line":117,"column":30},"end":{"line":120,"column":1}},"16":{"start":{"line":122,"column":36},"end":{"line":127,"column":1}},"17":{"start":{"line":129,"column":26},"end":{"line":137,"column":1}},"18":{"start":{"line":139,"column":33},"end":{"line":149,"column":1}},"19":{"start":{"line":151,"column":33},"end":{"line":157,"column":1}},"20":{"start":{"line":159,"column":26},"end":{"line":166,"column":1}},"21":{"start":{"line":168,"column":29},"end":{"line":173,"column":1}}},"fnMap":{},"branchMap":{},"s":{"0":1,"1":1,"2":1,"3":1,"4":1,"5":1,"6":1,"7":1,"8":1,"9":1,"10":1,"11":1,"12":1,"13":1,"14":1,"15":1,"16":1,"17":1,"18":1,"19":1,"20":1,"21":1},"f":{},"b":{},"_coverageSchema":"1a1c01bbd47fc00a2c39e90264f33305004495a9","hash":"64becff58e30d43528622b22c0c6497cf8621204"}
,"/Users/williammendonca/Cursos/Bootcamp_Rocketseat/rocketseat-gostack-11/Desafio11-gorestaurant-mobile/src/pages/Orders/index.tsx": {"path":"/Users/williammendonca/Cursos/Bootcamp_Rocketseat/rocketseat-gostack-11/Desafio11-gorestaurant-mobile/src/pages/Orders/index.tsx","statementMap":{"0":{"start":{"line":30,"column":25},"end":{"line":77,"column":1}},"1":{"start":{"line":31,"column":30},"end":{"line":31,"column":50}},"2":{"start":{"line":33,"column":2},"end":{"line":46,"column":9}},"3":{"start":{"line":35,"column":23},"end":{"line":35,"column":47}},"4":{"start":{"line":37,"column":6},"end":{"line":42,"column":8}},"5":{"start":{"line":38,"column":44},"end":{"line":41,"column":9}},"6":{"start":{"line":45,"column":4},"end":{"line":45,"column":17}},"7":{"start":{"line":48,"column":2},"end":{"line":76,"column":4}},"8":{"start":{"line":57,"column":32},"end":{"line":57,"column":47}},"9":{"start":{"line":59,"column":12},"end":{"line":71,"column":19}}},"fnMap":{"0":{"name":"(anonymous_0)","decl":{"start":{"line":30,"column":25},"end":{"line":30,"column":26}},"loc":{"start":{"line":30,"column":31},"end":{"line":77,"column":1}},"line":30},"1":{"name":"(anonymous_1)","decl":{"start":{"line":33,"column":12},"end":{"line":33,"column":13}},"loc":{"start":{"line":33,"column":18},"end":{"line":46,"column":3}},"line":33},"2":{"name":"loadOrders","decl":{"start":{"line":34,"column":19},"end":{"line":34,"column":29}},"loc":{"start":{"line":34,"column":47},"end":{"line":43,"column":5}},"line":34},"3":{"name":"(anonymous_3)","decl":{"start":{"line":38,"column":26},"end":{"line":38,"column":27}},"loc":{"start":{"line":38,"column":44},"end":{"line":41,"column":9}},"line":38},"4":{"name":"(anonymous_4)","decl":{"start":{"line":57,"column":24},"end":{"line":57,"column":25}},"loc":{"start":{"line":57,"column":32},"end":{"line":57,"column":47}},"line":57},"5":{"name":"(anonymous_5)","decl":{"start":{"line":58,"column":22},"end":{"line":58,"column":23}},"loc":{"start":{"line":59,"column":12},"end":{"line":71,"column":19}},"line":59}},"branchMap":{},"s":{"0":1,"1":2,"2":2,"3":1,"4":1,"5":2,"6":1,"7":2,"8":5,"9":2},"f":{"0":2,"1":1,"2":1,"3":2,"4":5,"5":2},"b":{},"_coverageSchema":"1a1c01bbd47fc00a2c39e90264f33305004495a9","hash":"8789b82daf0d2b2f3bda0e4efbd987bd9e17822b"}
,"/Users/williammendonca/Cursos/Bootcamp_Rocketseat/rocketseat-gostack-11/Desafio11-gorestaurant-mobile/src/pages/Orders/styles.ts": {"path":"/Users/williammendonca/Cursos/Bootcamp_Rocketseat/rocketseat-gostack-11/Desafio11-gorestaurant-mobile/src/pages/Orders/styles.ts","statementMap":{"0":{"start":{"line":13,"column":25},"end":{"line":16,"column":1}},"1":{"start":{"line":18,"column":22},"end":{"line":24,"column":1}},"2":{"start":{"line":26,"column":27},"end":{"line":33,"column":1}},"3":{"start":{"line":35,"column":30},"end":{"line":38,"column":1}},"4":{"start":{"line":40,"column":24},"end":{"line":45,"column":1}},"5":{"start":{"line":47,"column":20},"end":{"line":56,"column":1}},"6":{"start":{"line":58,"column":34},"end":{"line":65,"column":1}},"7":{"start":{"line":67,"column":27},"end":{"line":71,"column":1}},"8":{"start":{"line":72,"column":25},"end":{"line":80,"column":1}},"9":{"start":{"line":81,"column":31},"end":{"line":91,"column":1}},"10":{"start":{"line":93,"column":27},"end":{"line":105,"column":1}}},"fnMap":{},"branchMap":{},"s":{"0":1,"1":1,"2":1,"3":1,"4":1,"5":1,"6":1,"7":1,"8":1,"9":1,"10":1},"f":{},"b":{},"_coverageSchema":"1a1c01bbd47fc00a2c39e90264f33305004495a9","hash":"6ac659628b7d035f16b4d329cf24c70ec6677bfa"}
,"/Users/williammendonca/Cursos/Bootcamp_Rocketseat/rocketseat-gostack-11/Desafio11-gorestaurant-mobile/src/services/api.ts": {"path":"/Users/williammendonca/Cursos/Bootcamp_Rocketseat/rocketseat-gostack-11/Desafio11-gorestaurant-mobile/src/services/api.ts","statementMap":{"0":{"start":{"line":3,"column":12},"end":{"line":5,"column":2}}},"fnMap":{},"branchMap":{},"s":{"0":4},"f":{},"b":{},"_coverageSchema":"1a1c01bbd47fc00a2c39e90264f33305004495a9","hash":"9f01713f2487b437ff9fea6c2a97c0bab276620b"}
,"/Users/williammendonca/Cursos/Bootcamp_Rocketseat/rocketseat-gostack-11/Desafio11-gorestaurant-mobile/src/utils/formatValue.ts": {"path":"/Users/williammendonca/Cursos/Bootcamp_Rocketseat/rocketseat-gostack-11/Desafio11-gorestaurant-mobile/src/utils/formatValue.ts","statementMap":{"0":{"start":{"line":1,"column":20},"end":{"line":5,"column":18}},"1":{"start":{"line":2,"column":2},"end":{"line":5,"column":18}}},"fnMap":{"0":{"name":"(anonymous_0)","decl":{"start":{"line":1,"column":20},"end":{"line":1,"column":21}},"loc":{"start":{"line":2,"column":2},"end":{"line":5,"column":18}},"line":2}},"branchMap":{},"s":{"0":3,"1":20},"f":{"0":20},"b":{},"_coverageSchema":"1a1c01bbd47fc00a2c39e90264f33305004495a9","hash":"70c9de9756cab56cbc6d5aa020d596e7246cbca3"}
}
