TN:
SF:src/components/SearchInput/index.tsx
FN:11,(anonymous_0)
FN:15,(anonymous_1)
FN:19,(anonymous_2)
FNF:3
FNH:1
FNDA:24,(anonymous_0)
FNDA:0,(anonymous_1)
FNDA:0,(anonymous_2)
DA:11,1
DA:12,24
DA:13,24
DA:15,24
DA:16,0
DA:19,24
DA:20,0
DA:22,0
DA:25,24
LF:9
LH:6
BRDA:11,0,0,0
BRDA:30,1,0,0
BRDA:30,1,1,24
BRDA:30,2,0,24
BRDA:30,2,1,24
BRF:5
BRH:3
end_of_record
TN:
SF:src/components/SearchInput/styles.ts
FN:18,(anonymous_0)
FNF:1
FNH:1
FNDA:24,(anonymous_0)
DA:8,1
DA:19,24
DA:25,1
DA:32,1
LF:4
LH:4
BRDA:19,0,0,24
BRDA:19,0,1,0
BRF:2
BRH:1
end_of_record
TN:
SF:src/pages/Dashboard/index.tsx
FN:46,(anonymous_0)
FN:56,handleNavigate
FN:62,(anonymous_2)
FN:63,loadFoods
FN:72,(anonymous_4)
FN:82,(anonymous_5)
FN:83,loadCategories
FN:92,handleSelectCategory
FN:108,(anonymous_8)
FN:128,(anonymous_9)
FN:132,(anonymous_10)
FN:148,(anonymous_11)
FN:151,(anonymous_12)
FNF:13
FNH:12
FNDA:24,(anonymous_0)
FNDA:1,handleNavigate
FNDA:10,(anonymous_2)
FNDA:10,loadFoods
FNDA:16,(anonymous_4)
FNDA:4,(anonymous_5)
FNDA:4,loadCategories
FNDA:3,handleSelectCategory
FNDA:0,(anonymous_8)
FNDA:30,(anonymous_9)
FNDA:3,(anonymous_10)
FNDA:32,(anonymous_11)
FNDA:1,(anonymous_12)
DA:46,1
DA:47,24
DA:48,24
DA:49,24
DA:52,24
DA:54,24
DA:57,1
DA:62,24
DA:64,10
DA:71,10
DA:72,16
DA:79,10
DA:82,24
DA:84,4
DA:86,4
DA:89,4
DA:93,3
DA:94,1
DA:96,2
DA:100,24
DA:108,0
DA:129,30
DA:132,3
DA:149,32
DA:151,1
LF:25
LH:24
BRDA:93,0,0,1
BRDA:93,0,1,2
BRF:2
BRH:2
end_of_record
TN:
SF:src/pages/Dashboard/styles.ts
FN:57,(anonymous_0)
FNF:1
FNH:1
FNDA:30,(anonymous_0)
DA:7,1
DA:12,1
DA:21,1
DA:26,1
DA:36,1
DA:40,1
DA:44,1
DA:58,30
DA:65,1
DA:74,1
DA:78,1
DA:83,1
DA:92,1
DA:100,1
DA:105,1
DA:113,1
DA:123,1
LF:17
LH:17
BRDA:58,0,0,30
BRDA:58,0,1,4
BRF:2
BRH:2
end_of_record
TN:
SF:src/pages/Favorites/index.tsx
FN:30,(anonymous_0)
FN:33,(anonymous_1)
FN:34,loadFavorites
FN:38,(anonymous_3)
FN:57,(anonymous_4)
FN:58,(anonymous_5)
FNF:6
FNH:6
FNDA:2,(anonymous_0)
FNDA:1,(anonymous_1)
FNDA:1,loadFavorites
FNDA:2,(anonymous_3)
FNDA:5,(anonymous_4)
FNDA:2,(anonymous_5)
DA:30,1
DA:31,2
DA:33,2
DA:35,1
DA:37,1
DA:38,2
DA:45,1
DA:48,2
DA:57,5
DA:59,2
LF:10
LH:10
BRF:0
BRH:0
end_of_record
TN:
SF:src/pages/Favorites/styles.ts
FNF:0
FNH:0
DA:13,1
DA:18,1
DA:26,1
DA:35,1
DA:40,1
DA:47,1
DA:58,1
DA:67,1
DA:72,1
DA:81,1
DA:93,1
LF:11
LH:11
BRF:0
BRH:0
end_of_record
TN:
SF:src/pages/FoodDetails/index.tsx
FN:63,(anonymous_0)
FN:74,(anonymous_1)
FN:75,loadFood
FN:84,(anonymous_3)
FN:94,handleIncrementExtra
FN:96,(anonymous_5)
FN:102,handleDecrementExtra
FN:103,(anonymous_7)
FN:109,(anonymous_8)
FN:115,handleIncrementFood
FN:119,handleDecrementFood
FN:125,(anonymous_11)
FN:135,(anonymous_12)
FN:136,(anonymous_13)
FN:145,handleFinishOrder
FN:151,(anonymous_15)
FN:155,(anonymous_16)
FN:158,(anonymous_17)
FN:163,(anonymous_18)
FN:193,(anonymous_19)
FN:201,(anonymous_20)
FN:211,(anonymous_21)
FN:243,(anonymous_22)
FNF:23
FNH:18
FNDA:30,(anonymous_0)
FNDA:6,(anonymous_1)
FNDA:6,loadFood
FNDA:11,(anonymous_3)
FNDA:4,handleIncrementExtra
FNDA:6,(anonymous_5)
FNDA:1,handleDecrementExtra
FNDA:1,(anonymous_7)
FNDA:1,(anonymous_8)
FNDA:4,handleIncrementFood
FNDA:4,handleDecrementFood
FNDA:0,(anonymous_11)
FNDA:30,(anonymous_12)
FNDA:32,(anonymous_13)
FNDA:0,handleFinishOrder
FNDA:6,(anonymous_15)
FNDA:30,(anonymous_16)
FNDA:0,(anonymous_17)
FNDA:0,(anonymous_18)
FNDA:32,(anonymous_19)
FNDA:1,(anonymous_20)
FNDA:4,(anonymous_21)
FNDA:0,(anonymous_22)
DA:63,1
DA:64,30
DA:65,30
DA:66,30
DA:67,30
DA:69,30
DA:70,30
DA:72,30
DA:74,30
DA:76,6
DA:78,6
DA:83,6
DA:84,11
DA:91,6
DA:95,4
DA:97,6
DA:103,1
DA:105,1
DA:106,1
DA:108,1
DA:110,1
DA:116,4
DA:120,4
DA:122,3
DA:125,30
DA:126,0
DA:127,0
DA:129,0
DA:132,0
DA:135,30
DA:136,30
DA:137,32
DA:140,30
DA:142,30
DA:150,30
DA:151,6
DA:155,30
DA:157,30
DA:159,0
DA:163,0
DA:169,30
DA:194,32
DA:201,1
DA:211,4
DA:243,0
LF:45
LH:38
BRDA:97,0,0,4
BRDA:97,0,1,2
BRDA:105,1,0,0
BRDA:105,1,1,1
BRDA:106,2,0,0
BRDA:106,2,1,1
BRDA:110,3,0,1
BRDA:110,3,1,0
BRDA:120,4,0,1
BRDA:120,4,1,3
BRDA:126,5,0,0
BRDA:126,5,1,0
BRDA:151,6,0,0
BRDA:151,6,1,6
BRF:14
BRH:8
end_of_record
TN:
SF:src/pages/FoodDetails/styles.ts
FNF:0
FNH:0
DA:3,1
DA:8,1
DA:17,1
DA:25,1
DA:29,1
DA:37,1
DA:44,1
DA:48,1
DA:56,1
DA:66,1
DA:77,1
DA:86,1
DA:91,1
DA:101,1
DA:110,1
DA:117,1
DA:122,1
DA:129,1
DA:139,1
DA:151,1
DA:159,1
DA:168,1
LF:22
LH:22
BRF:0
BRH:0
end_of_record
TN:
SF:src/pages/Orders/index.tsx
FN:30,(anonymous_0)
FN:33,(anonymous_1)
FN:34,loadOrders
FN:38,(anonymous_3)
FN:57,(anonymous_4)
FN:58,(anonymous_5)
FNF:6
FNH:6
FNDA:2,(anonymous_0)
FNDA:1,(anonymous_1)
FNDA:1,loadOrders
FNDA:2,(anonymous_3)
FNDA:5,(anonymous_4)
FNDA:2,(anonymous_5)
DA:30,1
DA:31,2
DA:33,2
DA:35,1
DA:37,1
DA:38,2
DA:45,1
DA:48,2
DA:57,5
DA:59,2
LF:10
LH:10
BRF:0
BRH:0
end_of_record
TN:
SF:src/pages/Orders/styles.ts
FNF:0
FNH:0
DA:13,1
DA:18,1
DA:26,1
DA:35,1
DA:40,1
DA:47,1
DA:58,1
DA:67,1
DA:72,1
DA:81,1
DA:93,1
LF:11
LH:11
BRF:0
BRH:0
end_of_record
TN:
SF:src/services/api.ts
FNF:0
FNH:0
DA:3,4
LF:1
LH:1
BRF:0
BRH:0
end_of_record
TN:
SF:src/utils/formatValue.ts
FN:1,(anonymous_0)
FNF:1
FNH:1
FNDA:20,(anonymous_0)
DA:1,3
DA:2,20
LF:2
LH:2
BRF:0
BRH:0
end_of_record
